<?xml version="1.0" encoding="utf-8"?><testsuites name="pytest tests"><testsuite name="pytest" errors="0" failures="0" skipped="0" tests="37" time="10.389" timestamp="2026-05-16T05:20:51.232015+00:00" hostname="agent-env-f728ca53-6522-4950-bcab-6531527b3927"><testcase classname="tests.test_peeps_backend.TestPublic" name="test_root" time="0.117" /><testcase classname="tests.test_peeps_backend.TestPublic" name="test_catalog" time="0.097" /><testcase classname="tests.test_peeps_backend.TestAuth" name="test_session_invalid_token" time="0.185" /><testcase classname="tests.test_peeps_backend.TestAuth" name="test_me_without_header" time="0.099" /><testcase classname="tests.test_peeps_backend.TestAuth" name="test_me_with_bearer" time="0.108" /><testcase classname="tests.test_peeps_backend.TestHouse" name="test_house_me_creates_defaults" time="0.103" /><testcase classname="tests.test_peeps_backend.TestHouse" name="test_house_me_update" time="0.297" /><testcase classname="tests.test_peeps_backend.TestHouse" name="test_house_other_403_when_not_friends" time="0.099" /><testcase classname="tests.test_peeps_backend.TestFriends" name="test_add_friend_sent" time="0.137" /><testcase classname="tests.test_peeps_backend.TestFriends" name="test_requests_listed_for_b" time="0.100" /><testcase classname="tests.test_peeps_backend.TestFriends" name="test_reverse_auto_accept" time="0.239" /><testcase classname="tests.test_peeps_backend.TestFriends" name="test_house_visible_to_friend" time="0.107" /><testcase classname="tests.test_peeps_backend.TestFriends" name="test_accept_request_endpoint" time="0.413" /><testcase classname="tests.test_peeps_backend.TestFriends" name="test_reject_request" time="0.522" /><testcase classname="tests.test_peeps_backend.TestChat" name="test_send_and_get_messages" time="0.513" /><testcase classname="tests.test_peeps_backend.TestChat" name="test_chat_list" time="0.096" /><testcase classname="tests.test_peeps_backend.TestLogout" name="test_logout_deletes_session" time="0.209" /><testcase classname="tests.test_cohab_backend.TestCohabAutoAcceptFlow" name="test_get_cohab_me_returns_null_initially" time="0.117" /><testcase classname="tests.test_cohab_backend.TestCohabAutoAcceptFlow" name="test_invite_self_400" time="0.158" /><testcase classname="tests.test_cohab_backend.TestCohabAutoAcceptFlow" name="test_invite_non_friend_400" time="0.158" /><testcase classname="tests.test_cohab_backend.TestCohabAutoAcceptFlow" name="test_invite_friend_creates_pending" time="0.330" /><testcase classname="tests.test_cohab_backend.TestCohabAutoAcceptFlow" name="test_reverse_invite_auto_accepts" time="0.164" /><testcase classname="tests.test_cohab_backend.TestCohabAutoAcceptFlow" name="test_cohab_me_returns_partner_for_both" time="0.330" /><testcase classname="tests.test_cohab_backend.TestCohabAutoAcceptFlow" name="test_invite_when_already_in_cohab_400" time="0.158" /><testcase classname="tests.test_cohab_backend.TestCohabExplicitAccept" name="test_accept_endpoint_creates_cohab" time="0.499" /><testcase classname="tests.test_cohab_backend.TestCohabReject" name="test_reject_does_not_create_cohab" time="0.790" /><testcase classname="tests.test_cohab_backend.TestCohabUpdate" name="test_put_items_and_avatar_user_a_slot" time="0.311" /><testcase classname="tests.test_cohab_backend.TestCohabUpdate" name="test_put_avatar_user_b_slot" time="0.328" /><testcase classname="tests.test_cohab_backend.TestCohabUpdate" name="test_put_house_name" time="0.178" /><testcase classname="tests.test_cohab_backend.TestCohabUpdate" name="test_put_when_no_cohab_404" time="0.172" /><testcase classname="tests.test_cohab_backend.TestCohabChat" name="test_chat_404_when_no_cohab" time="0.331" /><testcase classname="tests.test_cohab_backend.TestCohabChat" name="test_chat_send_and_get_sorted" time="0.897" /><testcase classname="tests.test_cohab_backend.TestCohabDelete" name="test_delete_removes_cohab_and_chat" time="0.841" /><testcase classname="tests.test_cohab_backend.TestCohabDelete" name="test_can_invite_new_cohab_after_delete" time="0.519" /><testcase classname="tests.test_cohab_backend.TestRegression" name="test_auth_me" time="0.167" /><testcase classname="tests.test_cohab_backend.TestRegression" name="test_friends_list_includes_b" time="0.163" /><testcase classname="tests.test_cohab_backend.TestRegression" name="test_friends_add_creates_pending" time="0.179" /></testsuite></testsuites>