<?xml version="1.0" encoding="utf-8"?><testsuites name="pytest tests"><testsuite name="pytest" errors="0" failures="0" skipped="0" tests="11" time="1.918" timestamp="2026-05-16T05:20:45.156626+00:00" hostname="agent-env-f728ca53-6522-4950-bcab-6531527b3927"><testcase classname="tests.test_appearance_backend.TestDefaultAppearance" name="test_default_constant_shape" time="0.000" /><testcase classname="tests.test_appearance_backend.TestDefaultAppearance" name="test_me_includes_appearance" time="0.315" /><testcase classname="tests.test_appearance_backend.TestAppearanceAuthGate" name="test_put_appearance_no_auth_401" time="0.161" /><testcase classname="tests.test_appearance_backend.TestAppearanceAuthGate" name="test_put_appearance_bad_token_401" time="0.135" /><testcase classname="tests.test_appearance_backend.TestAppearancePartialMerge" name="test_partial_update_only_changes_specified" time="0.255" /><testcase classname="tests.test_appearance_backend.TestAppearancePartialMerge" name="test_full_body_persists" time="0.218" /><testcase classname="tests.test_appearance_backend.TestAppearancePartialMerge" name="test_unknown_field_ignored" time="0.110" /><testcase classname="tests.test_appearance_backend.TestAppearanceBackfill" name="test_legacy_user_me_no_appearance_initially" time="0.150" /><testcase classname="tests.test_appearance_backend.TestAppearanceBackfill" name="test_put_appearance_creates_field_when_missing" time="0.201" /><testcase classname="tests.test_appearance_backend.TestCohabPartnerAppearance" name="test_cohab_me_includes_partner_appearance" time="0.099" /><testcase classname="tests.test_appearance_backend.TestFriendsAppearance" name="test_friends_list_items_include_appearance" time="0.113" /></testsuite></testsuites>