<?xml version="1.0" encoding="utf-8"?><testsuites name="pytest tests"><testsuite name="pytest" errors="0" failures="0" skipped="0" tests="17" time="5.731" timestamp="2026-05-15T20:13:55.643371+00:00" hostname="agent-env-f728ca53-6522-4950-bcab-6531527b3927"><testcase classname="backend.tests.test_peeps_backend.TestPublic" name="test_root" time="0.308" /><testcase classname="backend.tests.test_peeps_backend.TestPublic" name="test_catalog" time="0.137" /><testcase classname="backend.tests.test_peeps_backend.TestAuth" name="test_session_invalid_token" time="0.186" /><testcase classname="backend.tests.test_peeps_backend.TestAuth" name="test_me_without_header" time="0.123" /><testcase classname="backend.tests.test_peeps_backend.TestAuth" name="test_me_with_bearer" time="0.144" /><testcase classname="backend.tests.test_peeps_backend.TestHouse" name="test_house_me_creates_defaults" time="0.124" /><testcase classname="backend.tests.test_peeps_backend.TestHouse" name="test_house_me_update" time="0.699" /><testcase classname="backend.tests.test_peeps_backend.TestHouse" name="test_house_other_403_when_not_friends" time="0.179" /><testcase classname="backend.tests.test_peeps_backend.TestFriends" name="test_add_friend_sent" time="0.193" /><testcase classname="backend.tests.test_peeps_backend.TestFriends" name="test_requests_listed_for_b" time="0.325" /><testcase classname="backend.tests.test_peeps_backend.TestFriends" name="test_reverse_auto_accept" time="0.586" /><testcase classname="backend.tests.test_peeps_backend.TestFriends" name="test_house_visible_to_friend" time="0.117" /><testcase classname="backend.tests.test_peeps_backend.TestFriends" name="test_accept_request_endpoint" time="0.895" /><testcase classname="backend.tests.test_peeps_backend.TestFriends" name="test_reject_request" time="0.517" /><testcase classname="backend.tests.test_peeps_backend.TestChat" name="test_send_and_get_messages" time="0.610" /><testcase classname="backend.tests.test_peeps_backend.TestChat" name="test_chat_list" time="0.129" /><testcase classname="backend.tests.test_peeps_backend.TestLogout" name="test_logout_deletes_session" time="0.282" /></testsuite></testsuites>