<?xml version="1.0" encoding="utf-8"?><testsuites name="pytest tests"><testsuite name="pytest" errors="0" failures="0" skipped="0" tests="20" time="5.179" timestamp="2026-05-16T05:06:03.749668+00:00" hostname="agent-env-f728ca53-6522-4950-bcab-6531527b3927"><testcase classname="backend.tests.test_cohab_backend.TestCohabAutoAcceptFlow" name="test_get_cohab_me_returns_null_initially" time="0.361" /><testcase classname="backend.tests.test_cohab_backend.TestCohabAutoAcceptFlow" name="test_invite_self_400" time="0.141" /><testcase classname="backend.tests.test_cohab_backend.TestCohabAutoAcceptFlow" name="test_invite_non_friend_400" time="0.115" /><testcase classname="backend.tests.test_cohab_backend.TestCohabAutoAcceptFlow" name="test_invite_friend_creates_pending" time="0.248" /><testcase classname="backend.tests.test_cohab_backend.TestCohabAutoAcceptFlow" name="test_reverse_invite_auto_accepts" time="0.149" /><testcase classname="backend.tests.test_cohab_backend.TestCohabAutoAcceptFlow" name="test_cohab_me_returns_partner_for_both" time="0.284" /><testcase classname="backend.tests.test_cohab_backend.TestCohabAutoAcceptFlow" name="test_invite_when_already_in_cohab_400" time="0.109" /><testcase classname="backend.tests.test_cohab_backend.TestCohabExplicitAccept" name="test_accept_endpoint_creates_cohab" time="0.359" /><testcase classname="backend.tests.test_cohab_backend.TestCohabReject" name="test_reject_does_not_create_cohab" time="0.536" /><testcase classname="backend.tests.test_cohab_backend.TestCohabUpdate" name="test_put_items_and_avatar_user_a_slot" time="0.240" /><testcase classname="backend.tests.test_cohab_backend.TestCohabUpdate" name="test_put_avatar_user_b_slot" time="0.220" /><testcase classname="backend.tests.test_cohab_backend.TestCohabUpdate" name="test_put_house_name" time="0.101" /><testcase classname="backend.tests.test_cohab_backend.TestCohabUpdate" name="test_put_when_no_cohab_404" time="0.120" /><testcase classname="backend.tests.test_cohab_backend.TestCohabChat" name="test_chat_404_when_no_cohab" time="0.204" /><testcase classname="backend.tests.test_cohab_backend.TestCohabChat" name="test_chat_send_and_get_sorted" time="0.552" /><testcase classname="backend.tests.test_cohab_backend.TestCohabDelete" name="test_delete_removes_cohab_and_chat" time="0.537" /><testcase classname="backend.tests.test_cohab_backend.TestCohabDelete" name="test_can_invite_new_cohab_after_delete" time="0.318" /><testcase classname="backend.tests.test_cohab_backend.TestRegression" name="test_auth_me" time="0.113" /><testcase classname="backend.tests.test_cohab_backend.TestRegression" name="test_friends_list_includes_b" time="0.104" /><testcase classname="backend.tests.test_cohab_backend.TestRegression" name="test_friends_add_creates_pending" time="0.105" /></testsuite></testsuites>